2021-11-09 00:52:50.052  INFO 9720 --- [restartedMain] c.k.h.HospitalDepartmentApplication      : Starting HospitalDepartmentApplication using Java 11.0.11 on DESKTOP-SJJ7V9T with PID 9720 (C:\Users\sortedmap\IdeaProjects\hospital-department\target\classes started by sortedmap in C:\Users\sortedmap\IdeaProjects\hospital-department)
2021-11-09 00:52:50.052  INFO 9720 --- [restartedMain] c.k.h.HospitalDepartmentApplication      : No active profile set, falling back to default profiles: default
2021-11-09 00:52:50.083  INFO 9720 --- [restartedMain] .e.DevToolsPropertyDefaultsPostProcessor : Devtools property defaults active! Set 'spring.devtools.add-properties' to 'false' to disable
2021-11-09 00:52:50.099  INFO 9720 --- [restartedMain] .e.DevToolsPropertyDefaultsPostProcessor : For additional web related logging consider setting the 'logging.level.web' property to 'DEBUG'
2021-11-09 00:52:50.552  INFO 9720 --- [restartedMain] .s.d.r.c.RepositoryConfigurationDelegate : Bootstrapping Spring Data JPA repositories in DEFAULT mode.
2021-11-09 00:52:50.599  INFO 9720 --- [restartedMain] .s.d.r.c.RepositoryConfigurationDelegate : Finished Spring Data repository scanning in 35 ms. Found 2 JPA repository interfaces.
2021-11-09 00:52:50.817  INFO 9720 --- [restartedMain] trationDelegate$BeanPostProcessorChecker : Bean 'org.springframework.security.access.expression.method.DefaultMethodSecurityExpressionHandler@65db192' of type [org.springframework.security.access.expression.method.DefaultMethodSecurityExpressionHandler] is not eligible for getting processed by all BeanPostProcessors (for example: not eligible for auto-proxying)
2021-11-09 00:52:50.817  INFO 9720 --- [restartedMain] trationDelegate$BeanPostProcessorChecker : Bean 'methodSecurityMetadataSource' of type [org.springframework.security.access.method.DelegatingMethodSecurityMetadataSource] is not eligible for getting processed by all BeanPostProcessors (for example: not eligible for auto-proxying)
2021-11-09 00:52:51.005  INFO 9720 --- [restartedMain] o.s.b.w.embedded.tomcat.TomcatWebServer  : Tomcat initialized with port(s): 8080 (http)
2021-11-09 00:52:51.005  INFO 9720 --- [restartedMain] o.apache.catalina.core.StandardService   : Starting service [Tomcat]
2021-11-09 00:52:51.005  INFO 9720 --- [restartedMain] org.apache.catalina.core.StandardEngine  : Starting Servlet engine: [Apache Tomcat/9.0.53]
2021-11-09 00:52:51.067  INFO 9720 --- [restartedMain] o.a.c.c.C.[Tomcat].[localhost].[/]       : Initializing Spring embedded WebApplicationContext
2021-11-09 00:52:51.067  INFO 9720 --- [restartedMain] w.s.c.ServletWebServerApplicationContext : Root WebApplicationContext: initialization completed in 968 ms
2021-11-09 00:52:51.145  INFO 9720 --- [restartedMain] o.f.c.internal.license.VersionPrinter    : Flyway Community Edition 7.7.3 by Redgate
2021-11-09 00:52:51.161  INFO 9720 --- [restartedMain] com.zaxxer.hikari.HikariDataSource       : HikariPool-1 - Starting...
2021-11-09 00:52:51.255  INFO 9720 --- [restartedMain] com.zaxxer.hikari.HikariDataSource       : HikariPool-1 - Start completed.
2021-11-09 00:52:51.270  INFO 9720 --- [restartedMain] o.f.c.i.database.base.DatabaseType       : Database: jdbc:postgresql://localhost:5432/hospital (PostgreSQL 13.2)
2021-11-09 00:52:51.286  INFO 9720 --- [restartedMain] o.f.core.internal.command.DbValidate     : Successfully validated 3 migrations (execution time 00:00.013s)
2021-11-09 00:52:51.286  INFO 9720 --- [restartedMain] o.f.core.internal.command.DbMigrate      : Current version of schema "public": 3
2021-11-09 00:52:51.286  INFO 9720 --- [restartedMain] o.f.core.internal.command.DbMigrate      : Schema "public" is up to date. No migration necessary.
2021-11-09 00:52:51.333  INFO 9720 --- [restartedMain] o.hibernate.jpa.internal.util.LogHelper  : HHH000204: Processing PersistenceUnitInfo [name: default]
2021-11-09 00:52:51.364  INFO 9720 --- [restartedMain] org.hibernate.Version                    : HHH000412: Hibernate ORM core version 5.4.32.Final
2021-11-09 00:52:51.427  INFO 9720 --- [restartedMain] o.hibernate.annotations.common.Version   : HCANN000001: Hibernate Commons Annotations {5.1.2.Final}
2021-11-09 00:52:51.505  INFO 9720 --- [restartedMain] org.hibernate.dialect.Dialect            : HHH000400: Using dialect: org.hibernate.dialect.PostgreSQLDialect
2021-11-09 00:52:51.895  INFO 9720 --- [restartedMain] o.h.e.t.j.p.i.JtaPlatformInitiator       : HHH000490: Using JtaPlatform implementation: [org.hibernate.engine.transaction.jta.platform.internal.NoJtaPlatform]
2021-11-09 00:52:51.895  INFO 9720 --- [restartedMain] j.LocalContainerEntityManagerFactoryBean : Initialized JPA EntityManagerFactory for persistence unit 'default'
2021-11-09 00:52:51.942  WARN 9720 --- [restartedMain] JpaBaseConfiguration$JpaWebConfiguration : spring.jpa.open-in-view is enabled by default. Therefore, database queries may be performed during view rendering. Explicitly configure spring.jpa.open-in-view to disable this warning
2021-11-09 00:52:52.442  INFO 9720 --- [restartedMain] o.s.s.web.DefaultSecurityFilterChain     : Will secure any request with [org.springframework.security.web.context.request.async.WebAsyncManagerIntegrationFilter@2593f481, org.springframework.security.web.context.SecurityContextPersistenceFilter@30febcc4, org.springframework.security.web.header.HeaderWriterFilter@17e31f66, org.springframework.security.web.authentication.logout.LogoutFilter@5124e7b5, org.springframework.security.web.authentication.UsernamePasswordAuthenticationFilter@3d866276, org.springframework.security.web.authentication.ui.DefaultLoginPageGeneratingFilter@71c3c838, org.springframework.security.web.authentication.ui.DefaultLogoutPageGeneratingFilter@293967e4, org.springframework.security.web.savedrequest.RequestCacheAwareFilter@a0319e6, org.springframework.security.web.servletapi.SecurityContextHolderAwareRequestFilter@79cf79eb, org.springframework.security.web.authentication.AnonymousAuthenticationFilter@5bb96a8, org.springframework.security.web.session.SessionManagementFilter@3338b21c, org.springframework.security.web.access.ExceptionTranslationFilter@1be28f91, org.springframework.security.web.access.intercept.FilterSecurityInterceptor@2649bd22]
2021-11-09 00:52:52.707  INFO 9720 --- [restartedMain] o.s.b.d.a.OptionalLiveReloadServer       : LiveReload server is running on port 35729
2021-11-09 00:52:52.739  INFO 9720 --- [restartedMain] o.s.b.w.embedded.tomcat.TomcatWebServer  : Tomcat started on port(s): 8080 (http) with context path ''
2021-11-09 00:52:52.754  INFO 9720 --- [restartedMain] c.k.h.HospitalDepartmentApplication      : Started HospitalDepartmentApplication in 2.998 seconds (JVM running for 3.575)
2021-11-09 00:53:01.538  INFO 9720 --- [SpringApplicationShutdownHook] j.LocalContainerEntityManagerFactoryBean : Closing JPA EntityManagerFactory for persistence unit 'default'
2021-11-09 00:53:01.538  INFO 9720 --- [SpringApplicationShutdownHook] com.zaxxer.hikari.HikariDataSource       : HikariPool-1 - Shutdown initiated...
2021-11-09 00:53:01.538  INFO 9720 --- [SpringApplicationShutdownHook] com.zaxxer.hikari.HikariDataSource       : HikariPool-1 - Shutdown completed.
